mktextfm MyriadPro-Bold
mktextfm MyriadPro-Bold
mktextfm MyriadPro-Bold
mktextfm MyriadPro-Bold/BI
mktextfm MyriadPro-Bold
mktextfm MyriadPro-Bold/B
mktextfm MyriadPro-Bold
mktextfm MyriadPro-Bold/I
mktextfm MyriadPro-Bold
mktextfm MyriadPro-Bold
mktextfm MyriadPro-Bold
mktextfm MyriadPro-Bold
mktextfm MyriadPro-Bold
mktextfm MyriadPro-Bold
mktextfm MyriadPro-Bold
mktextfm MyriadPro-Bold
mktextfm MyriadPro-Bold
mktextfm MyriadPro-Bold
mktextfm MyriadPro-Bold
mktextfm MyriadPro-Bold
mktextfm MyriadPro-Bold
mktextfm MyriadPro-Bold
mktextfm MyriadPro-Bold
mktextfm MyriadPro-Bold
mktextfm MyriadPro-Bold
mktextfm MyriadPro-Bold
mktextfm MyriadPro-Bold
mktextfm MyriadPro-Bold
mktextfm MyriadPro-Bold/BI
mktextfm MyriadPro-Bold
mktextfm MyriadPro-Bold/B
mktextfm MyriadPro-Bold
mktextfm MyriadPro-Bold/I
mktextfm MyriadPro-Bold
mktextfm MyriadPro-Bold
mktextfm MyriadPro-Bold
mktextfm MyriadPro-Bold
mktextfm MyriadPro-Bold
mktextfm MyriadPro-Bold
mktextfm MyriadPro-Bold
mktextfm MyriadPro-Bold
mktextfm MyriadPro-Bold
mktextfm MyriadPro-Bold
mktextfm MyriadPro-Bold
mktextfm MyriadPro-Bold
mktextfm MyriadPro-Bold
mktextfm MyriadPro-Bold
mktextfm MyriadPro-Bold
mktextfm MyriadPro-Bold
mktextfm MyriadPro-Bold
mktextfm MinionPro-Bold
mktextfm MinionPro-Bold
mktextfm MinionPro-Bold
mktextfm MinionPro-Bold/BI
mktextfm MinionPro-Bold
mktextfm MinionPro-Bold/B
mktextfm MinionPro-Bold
mktextfm MinionPro-Bold/I
mktextfm MinionPro-Bold
mktextfm MinionPro-Bold
mktextfm MinionPro-Bold
mktextfm MinionPro-Bold
mktextfm MinionPro-Bold
mktextfm MinionPro-Bold
mktextfm MinionPro-Bold
mktextfm MinionPro-Bold
mktextfm MinionPro-Bold
mktextfm MinionPro-Bold
mktextfm MinionPro-Bold
mktextfm MinionPro-Bold
mktextfm MinionPro-Bold
mktextfm MinionPro-Bold
mktextfm MinionPro-Bold
mktextfm MinionPro-Bold
mktextfm MinionPro-Bold
mktextfm MinionPro-Blod
mktextfm MinionPro-Blod
mktextfm MinionPro-Blod
mktextfm MinionPro-Blod/BI
mktextfm MinionPro-Blod
mktextfm MinionPro-Blod/B
mktextfm MinionPro-Blod
mktextfm MinionPro-Blod/I
mktextfm MinionPro-Blod
mktextfm MinionPro-Blod
mktextfm MinionPro-Blod
mktextfm MinionPro-Blod
mktextfm MinionPro-Blod
mktextfm MinionPro-Blod
mktextfm MinionPro-Blod
mktextfm MinionPro-Blod
mktextfm MinionPro-Blod
mktextfm MinionPro-Blod
mktextfm MinionPro-Blod
mktextfm MinionPro-Blod
mktextfm MinionPro-Blod
mktextfm MinionPro-Blod
mktextfm MinionPro-Blod
mktextfm MinionPro-Blod
mktextfm MinionPro-Blod
mktextfm MinionPro-Blod
mktextfm MinionPro-Blod
mktextfm MinionPro-Blod
mktextfm MinionPro-Blod/BI
mktextfm MinionPro-Blod
mktextfm MinionPro-Blod/B
mktextfm MinionPro-Blod
mktextfm MinionPro-Blod/I
mktextfm MinionPro-Blod
mktextfm MinionPro-Blod
mktextfm MinionPro-Blod
mktextfm MinionPro-Blod
mktextfm MinionPro-Blod
mktextfm MinionPro-Blod
mktextfm MinionPro-Blod
mktextfm MinionPro-Blod
mktextfm MinionPro-Blod
mktextfm MinionPro-Blod
mktextfm MinionPro-Blod
mktextfm MinionPro-Blod
mktextfm MinionPro-Blod
mktextfm MinionPro-Blod
mktextfm MinionPro-Blod
mktextfm MinionPro-Blod
mktextfm MinionPro-Blod
